#
# There is insufficient memory for the Java Runtime Environment to continue.
# Native memory allocation (mmap) failed to map 197132288 bytes for G1 virtual space
# Possible reasons:
#   The system is out of physical RAM or swap space
#   The process is running with CompressedOops enabled, and the Java Heap may be blocking the growth of the native heap
# Possible solutions:
#   Reduce memory load on the system
#   Increase physical memory or swap space
#   Check if swap backing store is full
#   Decrease Java heap size (-Xmx/-Xms)
#   Decrease number of Java threads
#   Decrease Java thread stack sizes (-Xss)
#   Set larger code cache with -XX:ReservedCodeCacheSize=
#   JVM is running with Zero Based Compressed Oops mode in which the Java heap is
#     placed in the first 32GB address space. The Java Heap base address is the
#     maximum limit for the native heap growth. Please use -XX:HeapBaseMinAddress
#     to set the Java Heap base and to place the Java Heap above 32GB virtual address.
# This output file may be truncated or incomplete.
#
#  Out of Memory Error (os_windows.cpp:3548), pid=19776, tid=19164
#
# JRE version:  (17.0.10+11) (build )
# Java VM: Java HotSpot(TM) 64-Bit Server VM (17.0.10+11-LTS-240, mixed mode, sharing, tiered, compressed oops, compressed class ptrs, g1 gc, windows-amd64)
# No core dump will be written. Minidumps are not enabled by default on client versions of Windows
#

---------------  S U M M A R Y ------------

Command Line: --enable-native-access=ALL-UNNAMED 

Host: Intel(R) Core(TM) i5-1035G4 CPU @ 1.10GHz, 8 cores, 11G,  Windows 11 , 64 bit Build 26100 (10.0.26100.8328)
Time: Wed Jun 24 23:07:25 2026 Hora est. Pac璗ico, Sudam廨ica elapsed time: 0.030601 seconds (0d 0h 0m 0s)

---------------  T H R E A D  ---------------

Current thread (0x000001beea203f70):  JavaThread "Unknown thread" [_thread_in_vm, id=19164, stack(0x00000017b1d00000,0x00000017b1e00000)]

Stack: [0x00000017b1d00000,0x00000017b1e00000]
Native frames: (J=compiled Java code, j=interpreted, Vv=VM code, C=native code)
V  [jvm.dll+0x677a5a]
V  [jvm.dll+0x7d8b2d]
V  [jvm.dll+0x7da48e]
V  [jvm.dll+0x7daaf3]
V  [jvm.dll+0x2455ff]
V  [jvm.dll+0x6749b9]
V  [jvm.dll+0x669382]
V  [jvm.dll+0x302e96]
V  [jvm.dll+0x30a416]
V  [jvm.dll+0x359cbe]
V  [jvm.dll+0x359eef]
V  [jvm.dll+0x2d9e88]
V  [jvm.dll+0x2dadf4]
V  [jvm.dll+0x7aa551]
V  [jvm.dll+0x367911]
V  [jvm.dll+0x789639]
V  [jvm.dll+0x3eb30f]
V  [jvm.dll+0x3ecd91]
C  [jli.dll+0x5297]
C  [ucrtbase.dll+0x37b0]
C  [KERNEL32.DLL+0x2e957]
C  [ntdll.dll+0x427c]


---------------  P R O C E S S  ---------------

Threads class SMR info:
_java_thread_list=0x00007ffe49026a18, length=0, elements={
}

Java Threads: ( => current thread )

Other Threads:
  0x000001beea25c5b0 GCTaskThread "GC Thread#0" [stack: 0x00000017b1e00000,0x00000017b1f00000] [id=3052]
  0x000001beea269ce0 ConcurrentGCThread "G1 Main Marker" [stack: 0x00000017b1f00000,0x00000017b2000000] [id=16756]
  0x000001beea26bc50 ConcurrentGCThread "G1 Conc#0" [stack: 0x00000017b2000000,0x00000017b2100000] [id=17924]

[error occurred during error reporting (printing all threads), id 0xc0000005, EXCEPTION_ACCESS_VIOLATION (0xc0000005) at pc=0x00007ffe4885aae7]

VM state: not at safepoint (not fully initialized)

VM Mutex/Monitor currently owned by a thread:  ([mutex/lock_event])
[0x000001beea1ff860] Heap_lock - owner thread: 0x000001beea203f70

Heap address: 0x0000000744000000, size: 3008 MB, Compressed Oops mode: Zero based, Oop shift amount: 3

CDS archive(s) mapped at: [0x0000000000000000-0x0000000000000000-0x0000000000000000), size 0, SharedBaseAddress: 0x0000000800000000, ArchiveRelocationMode: 1.
Narrow klass base: 0x0000000000000000, Narrow klass shift: 0, Narrow klass range: 0x0

GC Precious Log:
<Empty>

Heap:
 garbage-first heap   total 0K, used 0K [0x0000000744000000, 0x0000000800000000)
  region size 2048K, 0 young (0K), 0 survivors (0K)

[error occurred during error reporting (printing heap information), id 0xc0000005, EXCEPTION_ACCESS_VIOLATION (0xc0000005) at pc=0x00007ffe48c41249]

GC Heap History (0 events):
No events

Deoptimization events (0 events):
No events

Classes unloaded (0 events):
No events

Classes redefined (0 events):
No events

Internal exceptions (0 events):
No events

VM Operations (0 events):
No events

Events (1 events):
Event: 0.017 Loaded shared library C:\Program Files\Java\jdk-17\bin\java.dll


Dynamic libraries:
0x00007ff6ffc10000 - 0x00007ff6ffc20000 	C:\Program Files\Java\jdk-17\bin\java.exe
0x00007fff06740000 - 0x00007fff069a7000 	C:\WINDOWS\SYSTEM32\ntdll.dll
0x00007fff062b0000 - 0x00007fff06379000 	C:\WINDOWS\System32\KERNEL32.DLL
0x00007fff034a0000 - 0x00007fff03897000 	C:\WINDOWS\System32\KERNELBASE.dll
0x00007fff038a0000 - 0x00007fff039eb000 	C:\WINDOWS\System32\ucrtbase.dll
0x00007ffef1c50000 - 0x00007ffef1c69000 	C:\Program Files\Java\jdk-17\bin\jli.dll
0x00007ffef1f30000 - 0x00007ffef1f4b000 	C:\Program Files\Java\jdk-17\bin\VCRUNTIME140.dll
0x00007fff05470000 - 0x00007fff05526000 	C:\WINDOWS\System32\ADVAPI32.dll
0x00007fff061d0000 - 0x00007fff06279000 	C:\WINDOWS\System32\msvcrt.dll
0x00007fff06120000 - 0x00007fff061c7000 	C:\WINDOWS\System32\sechost.dll
0x00007fff05350000 - 0x00007fff05468000 	C:\WINDOWS\System32\RPCRT4.dll
0x00007fff057d0000 - 0x00007fff05996000 	C:\WINDOWS\System32\USER32.dll
0x00007ffeed660000 - 0x00007ffeed8f2000 	C:\WINDOWS\WinSxS\amd64_microsoft.windows.common-controls_6595b64144ccf1df_6.0.26100.8457_none_3e0b2faee331e92d\COMCTL32.dll
0x00007fff039f0000 - 0x00007fff03a17000 	C:\WINDOWS\System32\win32u.dll
0x00007fff06280000 - 0x00007fff062ab000 	C:\WINDOWS\System32\GDI32.dll
0x00007fff032c0000 - 0x00007fff033ec000 	C:\WINDOWS\System32\gdi32full.dll
0x00007fff04410000 - 0x00007fff044b3000 	C:\WINDOWS\System32\msvcp_win.dll
0x00007ffefaf90000 - 0x00007ffefaf9b000 	C:\WINDOWS\SYSTEM32\VERSION.dll
0x00007fff04cf0000 - 0x00007fff04d22000 	C:\WINDOWS\System32\IMM32.DLL
0x00007ffef5900000 - 0x00007ffef590c000 	C:\Program Files\Java\jdk-17\bin\vcruntime140_1.dll
0x00007ffe58980000 - 0x00007ffe58a0e000 	C:\Program Files\Java\jdk-17\bin\msvcp140.dll
0x00007ffe48570000 - 0x00007ffe4914f000 	C:\Program Files\Java\jdk-17\bin\server\jvm.dll
0x00007fff05b40000 - 0x00007fff05b48000 	C:\WINDOWS\System32\PSAPI.DLL
0x00007ffef1400000 - 0x00007ffef1436000 	C:\WINDOWS\SYSTEM32\WINMM.dll
0x00007ffef1c40000 - 0x00007ffef1c4a000 	C:\WINDOWS\SYSTEM32\WSOCK32.dll
0x00007fff06480000 - 0x00007fff06500000 	C:\WINDOWS\System32\WS2_32.dll
0x00007fff01ec0000 - 0x00007fff01edb000 	C:\WINDOWS\SYSTEM32\kernel.appcore.dll
0x00007ffef0040000 - 0x00007ffef004a000 	C:\Program Files\Java\jdk-17\bin\jimage.dll
0x00007fff010e0000 - 0x00007fff01322000 	C:\WINDOWS\SYSTEM32\DBGHELP.DLL
0x00007fff04f40000 - 0x00007fff052c3000 	C:\WINDOWS\System32\combase.dll
0x00007fff05b50000 - 0x00007fff05c29000 	C:\WINDOWS\System32\OLEAUT32.dll
0x00007ffee18a0000 - 0x00007ffee18db000 	C:\WINDOWS\SYSTEM32\dbgcore.DLL
0x00007fff033f0000 - 0x00007fff03498000 	C:\WINDOWS\System32\bcryptPrimitives.dll
0x00007ffedea70000 - 0x00007ffedea95000 	C:\Program Files\Java\jdk-17\bin\java.dll

dbghelp: loaded successfully - version: 4.0.5 - missing functions: none
symbol engine: initialized successfully - sym options: 0x614 - pdb path: .;C:\Program Files\Java\jdk-17\bin;C:\WINDOWS\SYSTEM32;C:\WINDOWS\WinSxS\amd64_microsoft.windows.common-controls_6595b64144ccf1df_6.0.26100.8457_none_3e0b2faee331e92d;C:\Program Files\Java\jdk-17\bin\server

VM Arguments:
jvm_args: --enable-native-access=ALL-UNNAMED 
java_command: <unknown>
java_class_path (initial): <not set>
Launcher Type: SUN_STANDARD

[Global flags]
     intx CICompilerCount                          = 4                                         {product} {ergonomic}
     uint ConcGCThreads                            = 2                                         {product} {ergonomic}
     uint G1ConcRefinementThreads                  = 8                                         {product} {ergonomic}
   size_t G1HeapRegionSize                         = 2097152                                   {product} {ergonomic}
    uintx GCDrainStackTargetSize                   = 64                                        {product} {ergonomic}
   size_t InitialHeapSize                          = 197132288                                 {product} {ergonomic}
   size_t MarkStackSize                            = 4194304                                   {product} {ergonomic}
   size_t MaxHeapSize                              = 3154116608                                {product} {ergonomic}
   size_t MinHeapDeltaBytes                        = 2097152                                   {product} {ergonomic}
   size_t MinHeapSize                              = 8388608                                   {product} {ergonomic}
    uintx NonNMethodCodeHeapSize                   = 5839372                                {pd product} {ergonomic}
    uintx NonProfiledCodeHeapSize                  = 122909434                              {pd product} {ergonomic}
    uintx ProfiledCodeHeapSize                     = 122909434                              {pd product} {ergonomic}
    uintx ReservedCodeCacheSize                    = 251658240                              {pd product} {ergonomic}
     bool SegmentedCodeCache                       = true                                      {product} {ergonomic}
   size_t SoftMaxHeapSize                          = 3154116608                             {manageable} {ergonomic}
     bool UseCompressedClassPointers               = true                           {product lp64_product} {ergonomic}
     bool UseCompressedOops                        = true                           {product lp64_product} {ergonomic}
     bool UseG1GC                                  = true                                      {product} {ergonomic}
     bool UseLargePagesIndividualAllocation        = false                                  {pd product} {ergonomic}

Logging:
Log output configuration:
 #0: stdout all=warning uptime,level,tags
 #1: stderr all=off uptime,level,tags

Environment Variables:
JAVA_HOME=C:\Program Files\Java\jdk-17
PATH=C:\Program Files\Microsoft MPI\Bin\;C:\Python314\Scripts\;C:\Python314\;C:\Program Files\Java\jdk-17\bin;C:\Program Files\Common Files\Oracle\Java\javapath;C:\WINDOWS\system32;C:\WINDOWS;C:\WINDOWS\System32\Wbem;C:\WINDOWS\System32\WindowsPowerShell\v1.0\;C:\WINDOWS\System32\OpenSSH\;C:\Program Files\dotnet\;D:\cositas\bin;C:\Program Files\PostgreSQL\17\bin;C:\Program Files\Git\cmd;C:\ProgramData\chocolatey\bin;C:\Program Files\nodejs\;C:\Program Files\Microsoft SQL Server\Client SDK\ODBC\170\Tools\Binn\;C:\Program Files\Microsoft SQL Server\Client SDK\ODBC\180\Tools\Binn\;C:\Program Files (x86)\Microsoft SQL Server\170\Tools\Binn\;C:\Program Files\Microsoft SQL Server\170\Tools\Binn\;C:\Program Files\Microsoft SQL Server\170\DTS\Binn\;C:\Program Files (x86)\Microsoft SQL Server\170\DTS\Binn\;C:\Program Files\Microsoft SQL Server\130\DTS\Binn\;C:\Program Files\Microsoft SQL Server\140\DTS\Binn\;C:\Program Files\Microsoft SQL Server\150\DTS\Binn\;C:\Program Files\Microsoft SQL Server\160\DTS\Binn\;C:\Program Files (x86)\Microsoft SQL Server\160\Tools\Binn\;C:\Program Files\Microsoft SQL Server\160\Tools\Binn\;C:\Program Files (x86)\Microsoft SQL Server\160\DTS\Binn\;C:\Users\ANLLY\AppData\Local\Programs\Python\Python313\Scripts\;C:\Users\ANLLY\AppData\Local\Programs\Python\Python313\;C:\Users\ANLLY\AppData\Local\Microsoft\WindowsApps;C:\Program Files\Azure Data Studio\bin;D:\Adobe\Microsoft VS Code\bin;C:\Users\ANLLY\AppData\Roaming\npm;C:\Users\ANLLY\.dotnet\tools;D:\gg\Antigravity\bin;C:\xampp\php;C:\xampp\php;C:\Users\ANLLY\.dotnet\tools;C:\Users\ANLLY\AppData\Local\Python\bin;c:\Users\ANLLY\.antigravity\extensions\vscjava.vscode-java-debug-0.59.0-universal\bundled\scripts\noConfigScripts
USERNAME=darko
LANG=en_US.UTF-8
OS=Windows_NT
PROCESSOR_IDENTIFIER=Intel64 Family 6 Model 126 Stepping 5, GenuineIntel



---------------  S Y S T E M  ---------------

OS:
 Windows 11 , 64 bit Build 26100 (10.0.26100.8328)
OS uptime: 0 days 1:09 hours
Hyper-V role detected

CPU: total 8 (initial active 8) (4 cores per cpu, 2 threads per core) family 6 model 126 stepping 5 microcode 0xb2, cx8, cmov, fxsr, ht, mmx, 3dnowpref, sse, sse2, sse3, ssse3, sse4.1, sse4.2, popcnt, lzcnt, tsc, tscinvbit, avx, avx2, aes, erms, clmul, bmi1, bmi2, adx, avx512f, avx512dq, avx512cd, avx512bw, avx512vl, sha, fma, vzeroupper, avx512_vpopcntdq, avx512_vpclmulqdq, avx512_vaes, avx512_vnni, clflush, clflushopt, avx512_vbmi2, avx512_vbmi, hv

Memory: 4k page, system-wide physical 12030M (1381M free)
TotalPageFile size 16377M (AvailPageFile size 53M)
current process WorkingSet (physical memory assigned to process): 12M, peak: 12M
current process commit charge ("private bytes"): 60M, peak: 248M

vm_info: Java HotSpot(TM) 64-Bit Server VM (17.0.10+11-LTS-240) for windows-amd64 JRE (17.0.10+11-LTS-240), built on Dec 19 2023 21:47:25 by "mach5one" with MS VC++ 17.1 (VS2022)

END.
