#
# There is insufficient memory for the Java Runtime Environment to continue.
# Native memory allocation (mmap) failed to map 197132288 bytes for G1 virtual space
# Possible reasons:
#   The system is out of physical RAM or swap space
#   The process is running with CompressedOops enabled, and the Java Heap may be blocking the growth of the native heap
# Possible solutions:
#   Reduce memory load on the system
#   Increase physical memory or swap space
#   Check if swap backing store is full
#   Decrease Java heap size (-Xmx/-Xms)
#   Decrease number of Java threads
#   Decrease Java thread stack sizes (-Xss)
#   Set larger code cache with -XX:ReservedCodeCacheSize=
#   JVM is running with Zero Based Compressed Oops mode in which the Java heap is
#     placed in the first 32GB address space. The Java Heap base address is the
#     maximum limit for the native heap growth. Please use -XX:HeapBaseMinAddress
#     to set the Java Heap base and to place the Java Heap above 32GB virtual address.
# This output file may be truncated or incomplete.
#
#  Out of Memory Error (os_windows.cpp:3548), pid=6304, tid=4200
#
# JRE version:  (17.0.10+11) (build )
# Java VM: Java HotSpot(TM) 64-Bit Server VM (17.0.10+11-LTS-240, mixed mode, sharing, tiered, compressed oops, compressed class ptrs, g1 gc, windows-amd64)
# No core dump will be written. Minidumps are not enabled by default on client versions of Windows
#

---------------  S U M M A R Y ------------

Command Line: -Dcom.sun.management.jmxremote -Dcom.sun.management.jmxremote.port=51002 -Dcom.sun.management.jmxremote.authenticate=false -Dcom.sun.management.jmxremote.ssl=false -Dspring.jmx.enabled=true -Djava.rmi.server.hostname=localhost -Dspring.application.admin.enabled=true -Dspring.boot.project.name=backend -XX:+ShowCodeDetailsInExceptionMessages kentakitos.backend.BackendApplication

Host: Intel(R) Core(TM) i5-1035G4 CPU @ 1.10GHz, 8 cores, 11G,  Windows 11 , 64 bit Build 26100 (10.0.26100.8328)
Time: Tue Jun 30 20:41:42 2026 Hora est. Pacífico, Sudamérica elapsed time: 0.028611 seconds (0d 0h 0m 0s)

---------------  T H R E A D  ---------------

Current thread (0x000001990b118220):  JavaThread "Unknown thread" [_thread_in_vm, id=4200, stack(0x00000052d3f00000,0x00000052d4000000)]

Stack: [0x00000052d3f00000,0x00000052d4000000]
Native frames: (J=compiled Java code, j=interpreted, Vv=VM code, C=native code)
V  [jvm.dll+0x677a5a]
V  [jvm.dll+0x7d8b2d]
V  [jvm.dll+0x7da48e]
V  [jvm.dll+0x7daaf3]
V  [jvm.dll+0x2455ff]
V  [jvm.dll+0x6749b9]
V  [jvm.dll+0x669382]
V  [jvm.dll+0x302e96]
V  [jvm.dll+0x30a416]
V  [jvm.dll+0x359cbe]
V  [jvm.dll+0x359eef]
V  [jvm.dll+0x2d9e88]
V  [jvm.dll+0x2dadf4]
V  [jvm.dll+0x7aa551]
V  [jvm.dll+0x367911]
V  [jvm.dll+0x789639]
V  [jvm.dll+0x3eb30f]
V  [jvm.dll+0x3ecd91]
C  [jli.dll+0x5297]
C  [ucrtbase.dll+0x37b0]
C  [KERNEL32.DLL+0x2e957]
C  [ntdll.dll+0x427c]


---------------  P R O C E S S  ---------------

Threads class SMR info:
_java_thread_list=0x00007fff7c806a18, length=0, elements={
}

Java Threads: ( => current thread )

Other Threads:
  0x000001990b176230 GCTaskThread "GC Thread#0" [stack: 0x00000052d4000000,0x00000052d4100000] [id=12864]
  0x000001990b1a0b50 ConcurrentGCThread "G1 Main Marker" [stack: 0x00000052d4100000,0x00000052d4200000] [id=15892]
  0x000001990b1a1560 ConcurrentGCThread "G1 Conc#0" [stack: 0x00000052d4200000,0x00000052d4300000] [id=19488]

[error occurred during error reporting (printing all threads), id 0xc0000005, EXCEPTION_ACCESS_VIOLATION (0xc0000005) at pc=0x00007fff7c03aae7]

VM state: not at safepoint (not fully initialized)

VM Mutex/Monitor currently owned by a thread:  ([mutex/lock_event])
[0x000001990b117fb0] Heap_lock - owner thread: 0x000001990b118220

Heap address: 0x0000000744000000, size: 3008 MB, Compressed Oops mode: Zero based, Oop shift amount: 3

CDS archive(s) mapped at: [0x0000000000000000-0x0000000000000000-0x0000000000000000), size 0, SharedBaseAddress: 0x0000000800000000, ArchiveRelocationMode: 1.
Narrow klass base: 0x0000000000000000, Narrow klass shift: 0, Narrow klass range: 0x0

GC Precious Log:
<Empty>

Heap:
 garbage-first heap   total 0K, used 0K [0x0000000744000000, 0x0000000800000000)
  region size 2048K, 0 young (0K), 0 survivors (0K)

[error occurred during error reporting (printing heap information), id 0xc0000005, EXCEPTION_ACCESS_VIOLATION (0xc0000005) at pc=0x00007fff7c421249]

GC Heap History (0 events):
No events

Deoptimization events (0 events):
No events

Classes unloaded (0 events):
No events

Classes redefined (0 events):
No events

Internal exceptions (0 events):
No events

VM Operations (0 events):
No events

Events (1 events):
Event: 0.016 Loaded shared library C:\Program Files\Java\jdk-17\bin\java.dll


Dynamic libraries:
0x00007ff723060000 - 0x00007ff723070000 	C:\Program Files\Java\jdk-17\bin\java.exe
0x00007ff8249c0000 - 0x00007ff824c27000 	C:\WINDOWS\SYSTEM32\ntdll.dll
0x00007ff823840000 - 0x00007ff823909000 	C:\WINDOWS\System32\KERNEL32.DLL
0x00007ff821600000 - 0x00007ff8219f7000 	C:\WINDOWS\System32\KERNELBASE.dll
0x00007ff8214b0000 - 0x00007ff8215fb000 	C:\WINDOWS\System32\ucrtbase.dll
0x00007ff81c6a0000 - 0x00007ff81c6b9000 	C:\Program Files\Java\jdk-17\bin\jli.dll
0x00007ff81c660000 - 0x00007ff81c67b000 	C:\Program Files\Java\jdk-17\bin\VCRUNTIME140.dll
0x00007ff8245d0000 - 0x00007ff824686000 	C:\WINDOWS\System32\ADVAPI32.dll
0x00007ff822b80000 - 0x00007ff822c29000 	C:\WINDOWS\System32\msvcrt.dll
0x00007ff822d10000 - 0x00007ff822db7000 	C:\WINDOWS\System32\sechost.dll
0x00007ff824720000 - 0x00007ff824838000 	C:\WINDOWS\System32\RPCRT4.dll
0x00007ff8229b0000 - 0x00007ff822b76000 	C:\WINDOWS\System32\USER32.dll
0x00007ff8213f0000 - 0x00007ff821417000 	C:\WINDOWS\System32\win32u.dll
0x00007ff824950000 - 0x00007ff82497b000 	C:\WINDOWS\System32\GDI32.dll
0x00007ff822610000 - 0x00007ff82273c000 	C:\WINDOWS\System32\gdi32full.dll
0x00007ff80d590000 - 0x00007ff80d822000 	C:\WINDOWS\WinSxS\amd64_microsoft.windows.common-controls_6595b64144ccf1df_6.0.26100.8457_none_3e0b2faee331e92d\COMCTL32.dll
0x00007ff822560000 - 0x00007ff822603000 	C:\WINDOWS\System32\msvcp_win.dll
0x00007ff819230000 - 0x00007ff81923b000 	C:\WINDOWS\SYSTEM32\VERSION.dll
0x00007ff823f60000 - 0x00007ff823f92000 	C:\WINDOWS\System32\IMM32.DLL
0x00007ff81c830000 - 0x00007ff81c83c000 	C:\Program Files\Java\jdk-17\bin\vcruntime140_1.dll
0x00007ff810260000 - 0x00007ff8102ee000 	C:\Program Files\Java\jdk-17\bin\msvcp140.dll
0x00007fff7bd50000 - 0x00007fff7c92f000 	C:\Program Files\Java\jdk-17\bin\server\jvm.dll
0x00007ff824840000 - 0x00007ff824848000 	C:\WINDOWS\System32\PSAPI.DLL
0x00007ff80fa10000 - 0x00007ff80fa46000 	C:\WINDOWS\SYSTEM32\WINMM.dll
0x00007ff810640000 - 0x00007ff81064a000 	C:\WINDOWS\SYSTEM32\WSOCK32.dll
0x00007ff822740000 - 0x00007ff8227c0000 	C:\WINDOWS\System32\WS2_32.dll
0x00007ff820140000 - 0x00007ff82015b000 	C:\WINDOWS\SYSTEM32\kernel.appcore.dll
0x00007ff810630000 - 0x00007ff81063a000 	C:\Program Files\Java\jdk-17\bin\jimage.dll
0x00007ff81f360000 - 0x00007ff81f5a2000 	C:\WINDOWS\SYSTEM32\DBGHELP.DLL
0x00007ff823910000 - 0x00007ff823c93000 	C:\WINDOWS\System32\combase.dll
0x00007ff822c30000 - 0x00007ff822d09000 	C:\WINDOWS\System32\OLEAUT32.dll
0x00007ff805ce0000 - 0x00007ff805d1b000 	C:\WINDOWS\SYSTEM32\dbgcore.DLL
0x00007ff8224b0000 - 0x00007ff822558000 	C:\WINDOWS\System32\bcryptPrimitives.dll
0x00007ff810230000 - 0x00007ff810255000 	C:\Program Files\Java\jdk-17\bin\java.dll

dbghelp: loaded successfully - version: 4.0.5 - missing functions: none
symbol engine: initialized successfully - sym options: 0x614 - pdb path: .;C:\Program Files\Java\jdk-17\bin;C:\WINDOWS\SYSTEM32;C:\WINDOWS\WinSxS\amd64_microsoft.windows.common-controls_6595b64144ccf1df_6.0.26100.8457_none_3e0b2faee331e92d;C:\Program Files\Java\jdk-17\bin\server

VM Arguments:
jvm_args: -Dcom.sun.management.jmxremote -Dcom.sun.management.jmxremote.port=51002 -Dcom.sun.management.jmxremote.authenticate=false -Dcom.sun.management.jmxremote.ssl=false -Dspring.jmx.enabled=true -Djava.rmi.server.hostname=localhost -Dspring.application.admin.enabled=true -Dspring.boot.project.name=backend -XX:+ShowCodeDetailsInExceptionMessages 
java_command: kentakitos.backend.BackendApplication
java_class_path (initial): D:\KENTAKOS-WEB\backend\target\classes;C:\Users\ANLLY\.m2\repository\org\springframework\boot\spring-boot-starter-data-jpa\3.5.14\spring-boot-starter-data-jpa-3.5.14.jar;C:\Users\ANLLY\.m2\repository\org\springframework\boot\spring-boot-starter\3.5.14\spring-boot-starter-3.5.14.jar;C:\Users\ANLLY\.m2\repository\org\springframework\boot\spring-boot\3.5.14\spring-boot-3.5.14.jar;C:\Users\ANLLY\.m2\repository\org\springframework\boot\spring-boot-autoconfigure\3.5.14\spring-boot-autoconfigure-3.5.14.jar;C:\Users\ANLLY\.m2\repository\org\springframework\boot\spring-boot-starter-logging\3.5.14\spring-boot-starter-logging-3.5.14.jar;C:\Users\ANLLY\.m2\repository\ch\qos\logback\logback-classic\1.5.32\logback-classic-1.5.32.jar;C:\Users\ANLLY\.m2\repository\ch\qos\logback\logback-core\1.5.32\logback-core-1.5.32.jar;C:\Users\ANLLY\.m2\repository\org\apache\logging\log4j\log4j-to-slf4j\2.24.3\log4j-to-slf4j-2.24.3.jar;C:\Users\ANLLY\.m2\repository\org\apache\logging\log4j\log4j-api\2.24.3\log4j-api-2.24.3.jar;C:\Users\ANLLY\.m2\repository\org\slf4j\jul-to-slf4j\2.0.17\jul-to-slf4j-2.0.17.jar;C:\Users\ANLLY\.m2\repository\jakarta\annotation\jakarta.annotation-api\2.1.1\jakarta.annotation-api-2.1.1.jar;C:\Users\ANLLY\.m2\repository\org\yaml\snakeyaml\2.4\snakeyaml-2.4.jar;C:\Users\ANLLY\.m2\repository\org\springframework\boot\spring-boot-starter-jdbc\3.5.14\spring-boot-starter-jdbc-3.5.14.jar;C:\Users\ANLLY\.m2\repository\com\zaxxer\HikariCP\6.3.3\HikariCP-6.3.3.jar;C:\Users\ANLLY\.m2\repository\org\springframework\spring-jdbc\6.2.18\spring-jdbc-6.2.18.jar;C:\Users\ANLLY\.m2\repository\org\hibernate\orm\hibernate-core\6.6.49.Final\hibernate-core-6.6.49.Final.jar;C:\Users\ANLLY\.m2\repository\jakarta\persistence\jakarta.persistence-api\3.1.0\jakarta.persistence-api-3.1.0.jar;C:\Users\ANLLY\.m2\repository\jakarta\transaction\jakarta.transaction-api\2.0.1\jakarta.transaction-api-2.0.1.jar;C:\Users\ANLLY\.m2\repository\org\jboss\logging\jboss-logging\3.6
Launcher Type: SUN_STANDARD

[Global flags]
     intx CICompilerCount                          = 4                                         {product} {ergonomic}
     uint ConcGCThreads                            = 2                                         {product} {ergonomic}
     uint G1ConcRefinementThreads                  = 8                                         {product} {ergonomic}
   size_t G1HeapRegionSize                         = 2097152                                   {product} {ergonomic}
    uintx GCDrainStackTargetSize                   = 64                                        {product} {ergonomic}
   size_t InitialHeapSize                          = 197132288                                 {product} {ergonomic}
     bool ManagementServer                         = true                                      {product} {command line}
   size_t MarkStackSize                            = 4194304                                   {product} {ergonomic}
   size_t MaxHeapSize                              = 3154116608                                {product} {ergonomic}
   size_t MinHeapDeltaBytes                        = 2097152                                   {product} {ergonomic}
   size_t MinHeapSize                              = 8388608                                   {product} {ergonomic}
    uintx NonNMethodCodeHeapSize                   = 5839372                                {pd product} {ergonomic}
    uintx NonProfiledCodeHeapSize                  = 122909434                              {pd product} {ergonomic}
    uintx ProfiledCodeHeapSize                     = 122909434                              {pd product} {ergonomic}
    uintx ReservedCodeCacheSize                    = 251658240                              {pd product} {ergonomic}
     bool SegmentedCodeCache                       = true                                      {product} {ergonomic}
     bool ShowCodeDetailsInExceptionMessages       = true                                   {manageable} {command line}
   size_t SoftMaxHeapSize                          = 3154116608                             {manageable} {ergonomic}
     bool UseCompressedClassPointers               = true                           {product lp64_product} {ergonomic}
     bool UseCompressedOops                        = true                           {product lp64_product} {ergonomic}
     bool UseG1GC                                  = true                                      {product} {ergonomic}
     bool UseLargePagesIndividualAllocation        = false                                  {pd product} {ergonomic}

Logging:
Log output configuration:
 #0: stdout all=warning uptime,level,tags
 #1: stderr all=off uptime,level,tags

Environment Variables:
JAVA_HOME=C:\Program Files\Java\jdk-17
PATH=C:\Program Files\Microsoft MPI\Bin\;C:\Python314\Scripts\;C:\Python314\;C:\Program Files\Java\jdk-17\bin;C:\Program Files\Common Files\Oracle\Java\javapath;C:\WINDOWS\system32;C:\WINDOWS;C:\WINDOWS\System32\Wbem;C:\WINDOWS\System32\WindowsPowerShell\v1.0\;C:\WINDOWS\System32\OpenSSH\;C:\Program Files\dotnet\;D:\cositas\bin;C:\Program Files\PostgreSQL\17\bin;C:\Program Files\Git\cmd;C:\ProgramData\chocolatey\bin;C:\Program Files\nodejs\;C:\Program Files\Microsoft SQL Server\Client SDK\ODBC\170\Tools\Binn\;C:\Program Files\Microsoft SQL Server\Client SDK\ODBC\180\Tools\Binn\;C:\Program Files (x86)\Microsoft SQL Server\170\Tools\Binn\;C:\Program Files\Microsoft SQL Server\170\Tools\Binn\;C:\Program Files\Microsoft SQL Server\170\DTS\Binn\;C:\Program Files (x86)\Microsoft SQL Server\170\DTS\Binn\;C:\Program Files\Microsoft SQL Server\130\DTS\Binn\;C:\Program Files\Microsoft SQL Server\140\DTS\Binn\;C:\Program Files\Microsoft SQL Server\150\DTS\Binn\;C:\Program Files\Microsoft SQL Server\160\DTS\Binn\;C:\Program Files (x86)\Microsoft SQL Server\160\Tools\Binn\;C:\Program Files\Microsoft SQL Server\160\Tools\Binn\;C:\Program Files (x86)\Microsoft SQL Server\160\DTS\Binn\;C:\Users\ANLLY\AppData\Local\Programs\Python\Python313\Scripts\;C:\Users\ANLLY\AppData\Local\Programs\Python\Python313\;C:\Users\ANLLY\AppData\Local\Microsoft\WindowsApps;C:\Program Files\Azure Data Studio\bin;D:\Adobe\Microsoft VS Code\bin;C:\Users\ANLLY\AppData\Roaming\npm;C:\Users\ANLLY\.dotnet\tools;D:\gg\Antigravity\bin;C:\xampp\php;C:\xampp\php;C:\Users\ANLLY\.dotnet\tools;C:\Users\ANLLY\AppData\Local\Python\bin;c:\Users\ANLLY\.antigravity\extensions\vscjava.vscode-java-debug-0.59.0-universal\bundled\scripts\noConfigScripts
USERNAME=darko
LANG=en_US.UTF-8
OS=Windows_NT
PROCESSOR_IDENTIFIER=Intel64 Family 6 Model 126 Stepping 5, GenuineIntel



---------------  S Y S T E M  ---------------

OS:
 Windows 11 , 64 bit Build 26100 (10.0.26100.8328)
OS uptime: 0 days 6:28 hours
Hyper-V role detected

CPU: total 8 (initial active 8) (4 cores per cpu, 2 threads per core) family 6 model 126 stepping 5 microcode 0xb2, cx8, cmov, fxsr, ht, mmx, 3dnowpref, sse, sse2, sse3, ssse3, sse4.1, sse4.2, popcnt, lzcnt, tsc, tscinvbit, avx, avx2, aes, erms, clmul, bmi1, bmi2, adx, avx512f, avx512dq, avx512cd, avx512bw, avx512vl, sha, fma, vzeroupper, avx512_vpopcntdq, avx512_vpclmulqdq, avx512_vaes, avx512_vnni, clflush, clflushopt, avx512_vbmi2, avx512_vbmi, hv

Memory: 4k page, system-wide physical 12030M (940M free)
TotalPageFile size 16206M (AvailPageFile size 54M)
current process WorkingSet (physical memory assigned to process): 12M, peak: 12M
current process commit charge ("private bytes"): 60M, peak: 248M

vm_info: Java HotSpot(TM) 64-Bit Server VM (17.0.10+11-LTS-240) for windows-amd64 JRE (17.0.10+11-LTS-240), built on Dec 19 2023 21:47:25 by "mach5one" with MS VC++ 17.1 (VS2022)

END.
